
**** Build of configuration Debug for project gesture_sensor ****

"C:\\ti\\ccsv7\\utils\\bin\\gmake" -k -j 4 all -O 
'Building file: ../main.c'
'Invoking: MSP430 Compiler'
"C:/ti/ccsv7/tools/compiler/ti-cgt-msp430_17.9.0.STS/bin/cl430" -vmsp -Ooff --use_hw_mpy=none --include_path="C:/ti/ccsv7/ccs_base/msp430/include" --include_path="C:/GitHub/adps-9960/msp430_project/gesture_sensor" --include_path="C:/ti/ccsv7/tools/compiler/ti-cgt-msp430_17.9.0.STS/include" --advice:power="all" --define=__MSP430G2553__ -g --printf_support=minimal --diag_warning=225 --diag_wrap=off --display_error_number --preproc_with_compile --preproc_dependency="main.d_raw"  "../main.c"
"../main.c", line 21: remark #1527-D: (ULP 2.1) Detected SW delay loop using __delay_cycles. Recommend using a timer module instead
"../main.c", line 24: remark #1527-D: (ULP 2.1) Detected SW delay loop using __delay_cycles. Recommend using a timer module instead
"../main.c", line 27: remark #1527-D: (ULP 2.1) Detected SW delay loop using __delay_cycles. Recommend using a timer module instead
"../main.c", line 29: remark #1527-D: (ULP 2.1) Detected SW delay loop using __delay_cycles. Recommend using a timer module instead
'Finished building: ../main.c'
' '
'Building target: gesture_sensor.out'
'Invoking: MSP430 Linker'
"C:/ti/ccsv7/tools/compiler/ti-cgt-msp430_17.9.0.STS/bin/cl430" -vmsp -Ooff --use_hw_mpy=none --advice:power="all" --define=__MSP430G2553__ -g --printf_support=minimal --diag_warning=225 --diag_wrap=off --display_error_number -z -m"gesture_sensor.map" --heap_size=80 --stack_size=80 -i"C:/ti/ccsv7/ccs_base/msp430/include" -i"C:/ti/ccsv7/tools/compiler/ti-cgt-msp430_17.9.0.STS/lib" -i"C:/ti/ccsv7/tools/compiler/ti-cgt-msp430_17.9.0.STS/include" --reread_libs --diag_wrap=off --display_error_number --warn_sections --xml_link_info="gesture_sensor_linkInfo.xml" --use_hw_mpy=none --rom_model -o "gesture_sensor.out" "./i2c_std.obj" "./main.obj" "../lnk_msp430g2553.cmd"  -llibc.a 
<Linking>
remark #10372-D: (ULP 4.1) Detected uninitialized Port 2 in this project. Recommend initializing all unused ports to eliminate wasted current consumption on unused pins.
remark #10372-D: (ULP 4.1) Detected uninitialized Port 3 in this project. Recommend initializing all unused ports to eliminate wasted current consumption on unused pins.
'Finished building target: gesture_sensor.out'
' '

**** Build Finished ****

**** Build of configuration Debug for project gesture_sensor ****

"C:\\ti\\ccsv7\\utils\\bin\\gmake" -k -j 4 all -O 
gmake[1]: 'gesture_sensor.out' is up to date.

**** Build Finished ****
